<?xml version="1.0" encoding="UTF-8"?>
<testsuite xmlns:xsi="http://www.w3.org/2001/XMLSchema-instance" xsi:noNamespaceSchemaLocation="https://maven.apache.org/surefire/maven-surefire-plugin/xsd/surefire-test-report-3.0.xsd" version="3.0" name="ru.itmo.tpo.lab2.unit.log.LnTest" time="0.473" tests="21" errors="0" skipped="0" failures="0">
  <properties>
[...]
</properties>
  <testcase name="shouldNotCalculateForZero" classname="ru.itmo.tpo.lab2.unit.log.LnTest" time="0.027"/>
  <testcase name="shouldCalculateForThree" classname="ru.itmo.tpo.lab2.unit.log.LnTest" time="0.002"/>
  <testcase name="shouldBePositiveForXGreaterThanOne" classname="ru.itmo.tpo.lab2.unit.log.LnTest" time="0.001"/>
  <testcase name="shouldFailForVerySmallX" classname="ru.itmo.tpo.lab2.unit.log.LnTest" time="0.188"/>
  <testcase name="shouldBeNegativeForXLessThanOne" classname="ru.itmo.tpo.lab2.unit.log.LnTest" time="0.0"/>
  <testcase name="shouldFailWithCorrectMessageForLargeX" classname="ru.itmo.tpo.lab2.unit.log.LnTest" time="0.099"/>
  <testcase name="shouldCalculateForOneOverE" classname="ru.itmo.tpo.lab2.unit.log.LnTest" time="0.001"/>
  <testcase name="shouldCalculateForOneTenth" classname="ru.itmo.tpo.lab2.unit.log.LnTest" time="0.002"/>
  <testcase name="shouldBeIncreasing" classname="ru.itmo.tpo.lab2.unit.log.LnTest" time="0.001"/>
  <testcase name="shouldHavePropertyLnAB" classname="ru.itmo.tpo.lab2.unit.log.LnTest" time="0.0"/>
  <testcase name="shouldCalculateWithDifferentPrecisions" classname="ru.itmo.tpo.lab2.unit.log.LnTest" time="0.001"/>
  <testcase name="shouldNotCalculateForNegativeFive" classname="ru.itmo.tpo.lab2.unit.log.LnTest" time="0.001"/>
  <testcase name="shouldFailForThousand" classname="ru.itmo.tpo.lab2.unit.log.LnTest" time="0.114"/>
  <testcase name="shouldNotCalculateForNegative" classname="ru.itmo.tpo.lab2.unit.log.LnTest" time="0.001"/>
  <testcase name="shouldCalculateForHalf" classname="ru.itmo.tpo.lab2.unit.log.LnTest" time="0.001"/>
  <testcase name="shouldCalculateForOne" classname="ru.itmo.tpo.lab2.unit.log.LnTest" time="0.001"/>
  <testcase name="shouldCalculateForTen" classname="ru.itmo.tpo.lab2.unit.log.LnTest" time="0.001"/>
  <testcase name="shouldCalculateForTwo" classname="ru.itmo.tpo.lab2.unit.log.LnTest" time="0.0"/>
  <testcase name="shouldHavePropertyLnDiv" classname="ru.itmo.tpo.lab2.unit.log.LnTest" time="0.001"/>
  <testcase name="shouldHavePropertyLnPow" classname="ru.itmo.tpo.lab2.unit.log.LnTest" time="0.0"/>
  <testcase name="shouldCalculateForE" classname="ru.itmo.tpo.lab2.unit.log.LnTest" time="0.0"/>
</testsuite>