<?xml version="1.0" encoding="UTF-8"?>
<testsuite xmlns:xsi="http://www.w3.org/2001/XMLSchema-instance" xsi:noNamespaceSchemaLocation="https://maven.apache.org/surefire/maven-surefire-plugin/xsd/surefire-test-report-3.0.xsd" version="3.0" name="ru.itmo.tpo.lab2.unit.log.LogNBaseTest" time="0.365" tests="16" errors="0" skipped="0" failures="0">
  <properties>
[...]
</properties>
  <testcase name="shouldBeNegativeForLessThanOne" classname="ru.itmo.tpo.lab2.unit.log.LogNBaseTest" time="0.028"/>
  <testcase name="shouldNotCalculateForZero" classname="ru.itmo.tpo.lab2.unit.log.LogNBaseTest" time="0.002"/>
  <testcase name="shouldCalculateForBaseTwentySeven" classname="ru.itmo.tpo.lab2.unit.log.LogNBaseTest" time="0.01"/>
  <testcase name="shouldCalculateForBaseThree" classname="ru.itmo.tpo.lab2.unit.log.LogNBaseTest" time="0.001"/>
  <testcase name="shouldCalculateForDifferentBases" classname="ru.itmo.tpo.lab2.unit.log.LogNBaseTest" time="0.001"/>
  <testcase name="shouldThrowExceptionForInvalidBase" classname="ru.itmo.tpo.lab2.unit.log.LogNBaseTest" time="0.001"/>
  <testcase name="shouldCalculateForOneNinth" classname="ru.itmo.tpo.lab2.unit.log.LogNBaseTest" time="0.001"/>
  <testcase name="shouldCalculateForOneThird" classname="ru.itmo.tpo.lab2.unit.log.LogNBaseTest" time="0.001"/>
  <testcase name="shouldCalculateForFiveBaseThree" classname="ru.itmo.tpo.lab2.unit.log.LogNBaseTest" time="0.001"/>
  <testcase name="shouldThrowForOneThousandthBaseThree" classname="ru.itmo.tpo.lab2.unit.log.LogNBaseTest" time="0.182"/>
  <testcase name="shouldCalculateForBaseFive" classname="ru.itmo.tpo.lab2.unit.log.LogNBaseTest" time="0.001"/>
  <testcase name="shouldCalculateForBaseNine" classname="ru.itmo.tpo.lab2.unit.log.LogNBaseTest" time="0.0"/>
  <testcase name="shouldBePositiveForGreaterThanOne" classname="ru.itmo.tpo.lab2.unit.log.LogNBaseTest" time="0.0"/>
  <testcase name="shouldNotCalculateForNegative" classname="ru.itmo.tpo.lab2.unit.log.LogNBaseTest" time="0.001"/>
  <testcase name="shouldCalculateForOne" classname="ru.itmo.tpo.lab2.unit.log.LogNBaseTest" time="0.001"/>
  <testcase name="shouldThrowForThousandBaseThree" classname="ru.itmo.tpo.lab2.unit.log.LogNBaseTest" time="0.107"/>
</testsuite>